0 info it worked if it ends with ok
1 verbose cli [ '/usr/local/bin/node', '/usr/local/bin/npm', 'install' ]
2 info using npm@2.15.11
3 info using node@v0.12.19
4 verbose readDependencies loading dependencies from /home/wgs/Git/wgs/Blockchain/web3-contract/package.json
5 warn package.json web3-contract@1.0.0 No description
6 warn package.json web3-contract@1.0.0 No repository field.
7 warn package.json web3-contract@1.0.0 No README data
8 verbose install where, deps [ '/home/wgs/Git/wgs/Blockchain/web3-contract', [ 'scrypt' ] ]
9 verbose install where, peers [ '/home/wgs/Git/wgs/Blockchain/web3-contract', [] ]
10 verbose installManyTop reading for lifecycle /home/wgs/Git/wgs/Blockchain/web3-contract/package.json
11 info preinstall web3-contract@1.0.0
12 verbose readDependencies loading dependencies from /home/wgs/Git/wgs/Blockchain/web3-contract/package.json
13 silly cache add args [ 'scrypt@^6.0.3', null ]
14 verbose cache add spec scrypt@^6.0.3
15 silly cache add parsed spec { raw: 'scrypt@^6.0.3',
15 silly cache add   scope: null,
15 silly cache add   name: 'scrypt',
15 silly cache add   rawSpec: '^6.0.3',
15 silly cache add   spec: '>=6.0.3 <7.0.0',
15 silly cache add   type: 'range' }
16 silly addNamed scrypt@>=6.0.3 <7.0.0
17 verbose addNamed ">=6.0.3 <7.0.0" is a valid semver range for scrypt
18 silly addNameRange { name: 'scrypt', range: '>=6.0.3 <7.0.0', hasData: false }
19 silly mapToRegistry name scrypt
20 silly mapToRegistry using default registry
21 silly mapToRegistry registry http://registry.npm.taobao.org/
22 silly mapToRegistry data { raw: 'scrypt',
22 silly mapToRegistry   scope: null,
22 silly mapToRegistry   name: 'scrypt',
22 silly mapToRegistry   rawSpec: '',
22 silly mapToRegistry   spec: 'latest',
22 silly mapToRegistry   type: 'tag' }
23 silly mapToRegistry uri http://registry.npm.taobao.org/scrypt
24 verbose addNameRange registry:http://registry.npm.taobao.org/scrypt not in flight; fetching
25 verbose request uri http://registry.npm.taobao.org/scrypt
26 verbose request no auth needed
27 info attempt registry request try #1 at 14:43:32
28 verbose request id 310bcd24338ce742
29 http request GET http://registry.npm.taobao.org/scrypt
30 http 200 http://registry.npm.taobao.org/scrypt
31 verbose headers { 'transfer-encoding': 'chunked',
31 verbose headers   'content-encoding': 'gzip',
31 verbose headers   'content-type': 'application/json; charset=utf-8',
31 verbose headers   date: 'Tue, 07 Aug 2018 06:43:33 GMT',
31 verbose headers   'keep-alive': 'timeout=38',
31 verbose headers   server: 'nginx/1.4.6 (Ubuntu)',
31 verbose headers   'x-current-requests': '1',
31 verbose headers   'x-readtime': '13' }
32 silly get cb [ 200,
32 silly get   { 'transfer-encoding': 'chunked',
32 silly get     'content-encoding': 'gzip',
32 silly get     'content-type': 'application/json; charset=utf-8',
32 silly get     date: 'Tue, 07 Aug 2018 06:43:33 GMT',
32 silly get     'keep-alive': 'timeout=38',
32 silly get     server: 'nginx/1.4.6 (Ubuntu)',
32 silly get     'x-current-requests': '1',
32 silly get     'x-readtime': '13' } ]
33 verbose get saving scrypt to /home/wgs/.npm/registry.npm.taobao.org/scrypt/.cache.json
34 verbose correctMkdir /home/wgs/.npm correctMkdir not in flight; initializing
35 silly addNameRange number 2 { name: 'scrypt', range: '>=6.0.3 <7.0.0', hasData: true }
36 silly addNameRange versions [ 'scrypt',
36 silly addNameRange   [ '6.0.3',
36 silly addNameRange     '6.0.2',
36 silly addNameRange     '6.0.1',
36 silly addNameRange     '6.0.0',
36 silly addNameRange     '5.4.1',
36 silly addNameRange     '5.4.0',
36 silly addNameRange     '5.3.0',
36 silly addNameRange     '5.2.0',
36 silly addNameRange     '5.1.1',
36 silly addNameRange     '5.1.0',
36 silly addNameRange     '5.1.0-0',
36 silly addNameRange     '5.0.0',
36 silly addNameRange     '4.0.7',
36 silly addNameRange     '4.0.6',
36 silly addNameRange     '4.0.5',
36 silly addNameRange     '4.0.4',
36 silly addNameRange     '4.0.3',
36 silly addNameRange     '4.0.2',
36 silly addNameRange     '4.0.1',
36 silly addNameRange     '4.0.0',
36 silly addNameRange     '2.0.2',
36 silly addNameRange     '2.0.0',
36 silly addNameRange     '1.7.4',
36 silly addNameRange     '1.7.3',
36 silly addNameRange     '1.7.2',
36 silly addNameRange     '1.7.1',
36 silly addNameRange     '1.7.0',
36 silly addNameRange     '1.6.3',
36 silly addNameRange     '1.6.2',
36 silly addNameRange     '1.6.1',
36 silly addNameRange     '1.6.0',
36 silly addNameRange     '1.5.3',
36 silly addNameRange     '1.5.2',
36 silly addNameRange     '1.5.1',
36 silly addNameRange     '1.5.0',
36 silly addNameRange     '1.4.2',
36 silly addNameRange     '1.4.1',
36 silly addNameRange     '1.4.0',
36 silly addNameRange     '1.3.1',
36 silly addNameRange     '1.3.0',
36 silly addNameRange     '1.2.0',
36 silly addNameRange     '1.1.0',
36 silly addNameRange     '1.0.0' ] ]
37 silly addNamed scrypt@6.0.3
38 verbose addNamed "6.0.3" is a plain semver version for scrypt
39 silly cache afterAdd scrypt@6.0.3
40 verbose afterAdd /home/wgs/.npm/scrypt/6.0.3/package/package.json not in flight; writing
41 verbose correctMkdir /home/wgs/.npm correctMkdir not in flight; initializing
42 verbose afterAdd /home/wgs/.npm/scrypt/6.0.3/package/package.json written
43 silly install resolved [ { name: 'scrypt',
43 silly install resolved     description: 'The scrypt crypto library for NodeJS',
43 silly install resolved     version: '6.0.3',
43 silly install resolved     license: 'zlib',
43 silly install resolved     keywords:
43 silly install resolved      [ 'scrypt',
43 silly install resolved        'password',
43 silly install resolved        'auth',
43 silly install resolved        'authentication',
43 silly install resolved        'encryption',
43 silly install resolved        'crypto',
43 silly install resolved        'secret',
43 silly install resolved        'key',
43 silly install resolved        'secret key',
43 silly install resolved        'hash',
43 silly install resolved        'verify' ],
43 silly install resolved     author:
43 silly install resolved      { name: 'Barry Steyn',
43 silly install resolved        email: 'barry.steyn@gmail.com',
43 silly install resolved        url: 'http://doctrina.org' },
43 silly install resolved     engines: { node: '>= 0.10' },
43 silly install resolved     repository:
43 silly install resolved      { type: 'git',
43 silly install resolved        url: 'git+https://github.com/barrysteyn/node-scrypt.git' },
43 silly install resolved     devDependencies: { mocha: '2.2.5', chai: '3.0.0', 'chai-as-promised': '^5.1.0' },
43 silly install resolved     dependencies: { nan: '^2.0.8' },
43 silly install resolved     licenses: [ [Object] ],
43 silly install resolved     bugs: { url: 'https://github.com/barrysteyn/node-scrypt/issues' },
43 silly install resolved     scripts:
43 silly install resolved      { preinstall: 'node node-scrypt-preinstall.js',
43 silly install resolved        install: 'node-gyp rebuild',
43 silly install resolved        test: 'mocha tests/scrypt-tests.js' },
43 silly install resolved     gitHead: '68e269832a6504ec53d412130f9b1e3b45ee8d8e',
43 silly install resolved     homepage: 'https://github.com/barrysteyn/node-scrypt',
43 silly install resolved     _id: 'scrypt@6.0.3',
43 silly install resolved     _shasum: '04e014a5682b53fa50c2d5cce167d719c06d870d',
43 silly install resolved     _from: 'scrypt@>=6.0.3 <7.0.0',
43 silly install resolved     _npmVersion: '1.4.28',
43 silly install resolved     _npmUser: { name: 'baz', email: 'barry.steyn@gmail.com' },
43 silly install resolved     maintainers: [ [Object] ],
43 silly install resolved     dist:
43 silly install resolved      { shasum: '04e014a5682b53fa50c2d5cce167d719c06d870d',
43 silly install resolved        size: 152904,
43 silly install resolved        noattachment: false,
43 silly install resolved        tarball: 'http://registry.npm.taobao.org/scrypt/download/scrypt-6.0.3.tgz' },
43 silly install resolved     _npmOperationalInternal:
43 silly install resolved      { host: 'packages-12-west.internal.npmjs.com',
43 silly install resolved        tmp: 'tmp/scrypt-6.0.3.tgz_1462128108810_0.8990948260761797' },
43 silly install resolved     directories: {},
43 silly install resolved     publish_time: 1462128109216,
43 silly install resolved     _cnpm_publish_time: 1462128109216,
43 silly install resolved     _hasShrinkwrap: false,
43 silly install resolved     _resolved: 'http://registry.npm.taobao.org/scrypt/download/scrypt-6.0.3.tgz',
43 silly install resolved     readme: 'ERROR: No README data found!' } ]
44 info install scrypt@6.0.3 into /home/wgs/Git/wgs/Blockchain/web3-contract
45 info installOne scrypt@6.0.3
46 verbose installOne of scrypt to /home/wgs/Git/wgs/Blockchain/web3-contract not in flight; installing
47 verbose correctMkdir /home/wgs/.npm/_locks correctMkdir not in flight; initializing
48 verbose lock using /home/wgs/.npm/_locks/scrypt-cd567be72bb114b7.lock for /home/wgs/Git/wgs/Blockchain/web3-contract/node_modules/scrypt
49 silly install write writing scrypt 6.0.3 to /home/wgs/Git/wgs/Blockchain/web3-contract/node_modules/scrypt
50 verbose unbuild node_modules/scrypt
51 silly gentlyRm /home/wgs/Git/wgs/Blockchain/web3-contract/node_modules/scrypt is being purged from base /home/wgs/Git/wgs/Blockchain/web3-contract
52 verbose gentlyRm don't care about contents; nuking /home/wgs/Git/wgs/Blockchain/web3-contract/node_modules/scrypt
53 verbose tar unpack /home/wgs/.npm/scrypt/6.0.3/package.tgz
54 verbose tar unpacking to /home/wgs/Git/wgs/Blockchain/web3-contract/node_modules/scrypt
55 silly gentlyRm /home/wgs/Git/wgs/Blockchain/web3-contract/node_modules/scrypt is being purged
56 verbose gentlyRm don't care about contents; nuking /home/wgs/Git/wgs/Blockchain/web3-contract/node_modules/scrypt
57 silly gunzTarPerm modes [ '755', '644' ]
58 silly gunzTarPerm extractEntry package.json
59 silly gunzTarPerm extractEntry .npmignore
60 silly gunzTarPerm extractEntry README.md
61 silly gunzTarPerm extractEntry index.js
62 silly gunzTarPerm extractEntry node-scrypt-preinstall.js
63 silly gunzTarPerm extractEntry changelog.md
64 silly gunzTarPerm extractEntry .travis.yml
65 silly gunzTarPerm extractEntry binding.gyp
66 silly gunzTarPerm extractEntry scrypt/scrypt-1.2.0/configure
67 silly gunzTarPerm extractEntry scrypt/scrypt-1.2.0/.deps/scrypt-main.Po
68 silly gunzTarPerm extractEntry scrypt/scrypt-1.2.0/Makefile.in
69 silly gunzTarPerm extractEntry scrypt/scrypt-1.2.0/autocrap/Makefile.am
70 silly gunzTarPerm extractEntry scrypt/scrypt-1.2.0/autocrap/configure.ac
71 silly gunzTarPerm extractEntry scrypt/scrypt-1.2.0/config.aux/compile
72 silly gunzTarPerm extractEntry scrypt/scrypt-1.2.0/config.aux/depcomp
73 silly gunzTarPerm extractEntry scrypt/scrypt-1.2.0/config.aux/install-sh
74 silly gunzTarPerm extractEntry scrypt/scrypt-1.2.0/config.aux/missing
75 silly gunzTarPerm extractEntry scrypt/scrypt-1.2.0/config.h
76 silly gunzTarPerm extractEntry scrypt/scrypt-1.2.0/config.h.in
77 silly gunzTarPerm extractEntry scrypt/scrypt-1.2.0/config.log
78 silly gunzTarPerm extractEntry scrypt/scrypt-1.2.0/config.status
79 silly gunzTarPerm extractEntry scrypt/scrypt-1.2.0/FORMAT
80 silly gunzTarPerm extractEntry scrypt/scrypt-1.2.0/hash.c
81 silly gunzTarPerm extractEntry scrypt/scrypt-1.2.0/hash.h
82 silly gunzTarPerm extractEntry scrypt/scrypt-1.2.0/keyderivation.c
83 silly gunzTarPerm extractEntry scrypt/scrypt-1.2.0/keyderivation.h
84 silly gunzTarPerm extractEntry scrypt/scrypt-1.2.0/lib/README
85 silly gunzTarPerm extractEntry scrypt/scrypt-1.2.0/lib/crypto/.deps/libscrypt_sse2_a-crypto_scrypt_smix_sse2.Po
86 silly gunzTarPerm extractEntry scrypt/scrypt-1.2.0/lib/crypto/.deps/scrypt-crypto_scrypt.Po
87 silly gunzTarPerm extractEntry scrypt/scrypt-1.2.0/lib/crypto/.deps/scrypt-crypto_scrypt_smix.Po
88 silly gunzTarPerm extractEntry scrypt/scrypt-1.2.0/lib/crypto/crypto_scrypt-ref.c
89 silly gunzTarPerm extractEntry scrypt/scrypt-1.2.0/lib/crypto/crypto_scrypt.c
90 silly gunzTarPerm extractEntry scrypt/scrypt-1.2.0/lib/crypto/crypto_scrypt.h
91 silly gunzTarPerm extractEntry scrypt/scrypt-1.2.0/lib/crypto/crypto_scrypt_smix.c
92 silly gunzTarPerm extractEntry scrypt/scrypt-1.2.0/lib/crypto/crypto_scrypt_smix.h
93 silly gunzTarPerm extractEntry scrypt/scrypt-1.2.0/lib/crypto/crypto_scrypt_smix_sse2.c
94 silly gunzTarPerm extractEntry scrypt/scrypt-1.2.0/lib/crypto/crypto_scrypt_smix_sse2.h
95 silly gunzTarPerm extractEntry scrypt/scrypt-1.2.0/lib/scryptenc/.deps/scrypt-scryptenc.Po
96 silly gunzTarPerm extractEntry scrypt/scrypt-1.2.0/lib/scryptenc/.deps/scrypt-scryptenc_cpuperf.Po
97 silly gunzTarPerm extractEntry scrypt/scrypt-1.2.0/lib/scryptenc/scryptenc.c
98 silly gunzTarPerm extractEntry scrypt/scrypt-1.2.0/lib/scryptenc/scryptenc.h
99 silly gunzTarPerm extractEntry scrypt/scrypt-1.2.0/lib/scryptenc/scryptenc_cpuperf.c
100 silly gunzTarPerm extractEntry scrypt/scrypt-1.2.0/lib/scryptenc/scryptenc_cpuperf.h
101 silly gunzTarPerm extractEntry scrypt/scrypt-1.2.0/lib/util/.deps/scrypt-memlimit.Po
102 silly gunzTarPerm extractEntry scrypt/scrypt-1.2.0/lib/util/build/config.gypi
103 silly gunzTarPerm extractEntry scrypt/scrypt-1.2.0/lib/util/memlimit.c
104 silly gunzTarPerm extractEntry scrypt/scrypt-1.2.0/lib/util/memlimit.h
105 silly gunzTarPerm extractEntry scrypt/scrypt-1.2.0/libcperciva/COPYRIGHT
106 silly gunzTarPerm extractEntry scrypt/scrypt-1.2.0/libcperciva/alg/.deps/scrypt-sha256.Po
107 silly gunzTarPerm extractEntry scrypt/scrypt-1.2.0/libcperciva/alg/sha256.c
108 silly gunzTarPerm extractEntry scrypt/scrypt-1.2.0/libcperciva/alg/sha256.h
109 silly gunzTarPerm extractEntry scrypt/scrypt-1.2.0/libcperciva/cpusupport/.deps/scrypt-cpusupport_x86_aesni.Po
110 silly gunzTarPerm extractEntry scrypt/scrypt-1.2.0/libcperciva/cpusupport/.deps/scrypt-cpusupport_x86_sse2.Po
111 silly gunzTarPerm extractEntry scrypt/scrypt-1.2.0/libcperciva/cpusupport/Build/cpusupport-X86-AESNI.c
112 silly gunzTarPerm extractEntry scrypt/scrypt-1.2.0/libcperciva/cpusupport/Build/cpusupport-X86-CPUID.c
113 silly gunzTarPerm extractEntry scrypt/scrypt-1.2.0/libcperciva/cpusupport/Build/cpusupport-X86-SSE2.c
114 silly gunzTarPerm extractEntry scrypt/scrypt-1.2.0/libcperciva/cpusupport/Build/cpusupport.sh
115 silly gunzTarPerm extractEntry scrypt/scrypt-1.2.0/libcperciva/cpusupport/cpusupport.h
116 silly gunzTarPerm extractEntry scrypt/scrypt-1.2.0/libcperciva/cpusupport/cpusupport_x86_aesni.c
117 silly gunzTarPerm extractEntry scrypt/scrypt-1.2.0/libcperciva/cpusupport/cpusupport_x86_sse2.c
118 silly gunzTarPerm extractEntry scrypt/scrypt-1.2.0/libcperciva/crypto/.deps/libcperciva_aesni_a-crypto_aes_aesni.Po
119 silly gunzTarPerm extractEntry scrypt/scrypt-1.2.0/libcperciva/crypto/.deps/scrypt-crypto_aes.Po
120 silly gunzTarPerm extractEntry scrypt/scrypt-1.2.0/libcperciva/crypto/.deps/scrypt-crypto_aesctr.Po
121 silly gunzTarPerm extractEntry scrypt/scrypt-1.2.0/libcperciva/crypto/.deps/scrypt-crypto_entropy.Po
122 silly gunzTarPerm extractEntry scrypt/scrypt-1.2.0/libcperciva/crypto/crypto_aes.c
123 silly gunzTarPerm extractEntry scrypt/scrypt-1.2.0/libcperciva/crypto/crypto_aes.h
124 silly gunzTarPerm extractEntry scrypt/scrypt-1.2.0/libcperciva/crypto/crypto_aes_aesni.c
125 silly gunzTarPerm extractEntry scrypt/scrypt-1.2.0/libcperciva/crypto/crypto_aes_aesni.h
126 silly gunzTarPerm extractEntry scrypt/scrypt-1.2.0/libcperciva/crypto/crypto_aesctr.c
127 silly gunzTarPerm extractEntry scrypt/scrypt-1.2.0/libcperciva/crypto/crypto_aesctr.h
128 silly gunzTarPerm extractEntry scrypt/scrypt-1.2.0/libcperciva/crypto/crypto_entropy.c
129 silly gunzTarPerm extractEntry scrypt/scrypt-1.2.0/libcperciva/crypto/crypto_entropy.h
130 silly gunzTarPerm extractEntry scrypt/scrypt-1.2.0/libcperciva/util/.deps/scrypt-entropy.Po
131 silly gunzTarPerm extractEntry scrypt/scrypt-1.2.0/libcperciva/util/.deps/scrypt-insecure_memzero.Po
132 silly gunzTarPerm extractEntry scrypt/scrypt-1.2.0/libcperciva/util/.deps/scrypt-readpass.Po
133 silly gunzTarPerm extractEntry scrypt/scrypt-1.2.0/libcperciva/util/.deps/scrypt-warnp.Po
134 silly gunzTarPerm extractEntry scrypt/scrypt-1.2.0/libcperciva/util/entropy.c
135 silly gunzTarPerm extractEntry scrypt/scrypt-1.2.0/libcperciva/util/entropy.h
136 silly gunzTarPerm extractEntry scrypt/scrypt-1.2.0/libcperciva/util/insecure_memzero.c
137 silly gunzTarPerm extractEntry scrypt/scrypt-1.2.0/libcperciva/util/insecure_memzero.h
138 silly gunzTarPerm extractEntry scrypt/scrypt-1.2.0/libcperciva/util/readpass.c
139 silly gunzTarPerm extractEntry scrypt/scrypt-1.2.0/libcperciva/util/readpass.h
140 silly gunzTarPerm extractEntry scrypt/scrypt-1.2.0/libcperciva/util/sysendian.h
141 silly gunzTarPerm extractEntry scrypt/scrypt-1.2.0/libcperciva/util/warnp.c
142 silly gunzTarPerm extractEntry scrypt/scrypt-1.2.0/libcperciva/util/warnp.h
143 silly gunzTarPerm extractEntry scrypt/scrypt-1.2.0/scrypt_platform.h
144 silly gunzTarPerm extractEntry scrypt/scrypt-1.2.0/stamp-h1
145 silly gunzTarPerm extractEntry scrypt/win/gettimeofday.c
146 silly gunzTarPerm extractEntry scrypt/win/include/gettimeofday.h
147 silly gunzTarPerm extractEntry scrypt/win/include/inttypes.h
148 silly gunzTarPerm extractEntry scrypt/win/include/stdint.h
149 silly gunzTarPerm extractEntry scrypt/win/include/sys/mman.h
150 silly gunzTarPerm extractEntry scrypt/win/include/unistd.h
151 silly gunzTarPerm extractEntry scrypt/win/memlimit.c
152 silly gunzTarPerm extractEntry scrypt/win/mman.c
153 silly gunzTarPerm extractEntry scrypt_node.cc
154 silly gunzTarPerm extractEntry src/node-boilerplate/inc/scrypt_async.h
155 silly gunzTarPerm extractEntry src/node-boilerplate/inc/scrypt_common.h
156 silly gunzTarPerm extractEntry src/node-boilerplate/inc/scrypt_hash_async.h
157 silly gunzTarPerm extractEntry src/node-boilerplate/inc/scrypt_kdf-verify_async.h
158 silly gunzTarPerm extractEntry src/node-boilerplate/inc/scrypt_kdf_async.h
159 silly gunzTarPerm extractEntry src/node-boilerplate/inc/scrypt_params_async.h
160 silly gunzTarPerm extractEntry src/node-boilerplate/scrypt_common.cc
161 silly gunzTarPerm extractEntry src/node-boilerplate/scrypt_hash_async.cc
162 silly gunzTarPerm extractEntry src/node-boilerplate/scrypt_hash_sync.cc
163 silly gunzTarPerm extractEntry src/node-boilerplate/scrypt_kdf-verify_async.cc
164 silly gunzTarPerm extractEntry src/node-boilerplate/scrypt_kdf-verify_sync.cc
165 silly gunzTarPerm extractEntry src/node-boilerplate/scrypt_kdf_async.cc
166 silly gunzTarPerm extractEntry src/node-boilerplate/scrypt_kdf_sync.cc
167 silly gunzTarPerm extractEntry src/node-boilerplate/scrypt_params_async.cc
168 silly gunzTarPerm extractEntry src/node-boilerplate/scrypt_params_sync.cc
169 silly gunzTarPerm extractEntry src/scryptwrapper/hash.c
170 silly gunzTarPerm extractEntry src/scryptwrapper/inc/hash.h
171 silly gunzTarPerm extractEntry src/scryptwrapper/inc/keyderivation.h
172 silly gunzTarPerm extractEntry src/scryptwrapper/inc/pickparams.h
173 silly gunzTarPerm extractEntry src/scryptwrapper/keyderivation.c
174 silly gunzTarPerm extractEntry src/scryptwrapper/pickparams.c
175 silly gunzTarPerm extractEntry src/util/memlimit.c
176 silly gunzTarPerm extractEntry src/util/memlimit.h
177 silly gunzTarPerm extractEntry tests/scrypt-tests.js
178 verbose write writing to /home/wgs/Git/wgs/Blockchain/web3-contract/node_modules/scrypt/package.json
179 info preinstall scrypt@6.0.3
180 verbose unsafe-perm in lifecycle true
181 verbose readDependencies loading dependencies from /home/wgs/Git/wgs/Blockchain/web3-contract/node_modules/scrypt/package.json
182 silly prepareForInstallMany adding nan@^2.0.8 from scrypt dependencies
183 verbose readDependencies loading dependencies from /home/wgs/Git/wgs/Blockchain/web3-contract/node_modules/scrypt/package.json
184 silly cache add args [ 'nan@^2.0.8', null ]
185 verbose cache add spec nan@^2.0.8
186 silly cache add parsed spec { raw: 'nan@^2.0.8',
186 silly cache add   scope: null,
186 silly cache add   name: 'nan',
186 silly cache add   rawSpec: '^2.0.8',
186 silly cache add   spec: '>=2.0.8 <3.0.0',
186 silly cache add   type: 'range' }
187 silly addNamed nan@>=2.0.8 <3.0.0
188 verbose addNamed ">=2.0.8 <3.0.0" is a valid semver range for nan
189 silly addNameRange { name: 'nan', range: '>=2.0.8 <3.0.0', hasData: false }
190 silly mapToRegistry name nan
191 silly mapToRegistry using default registry
192 silly mapToRegistry registry http://registry.npm.taobao.org/
193 silly mapToRegistry data { raw: 'nan',
193 silly mapToRegistry   scope: null,
193 silly mapToRegistry   name: 'nan',
193 silly mapToRegistry   rawSpec: '',
193 silly mapToRegistry   spec: 'latest',
193 silly mapToRegistry   type: 'tag' }
194 silly mapToRegistry uri http://registry.npm.taobao.org/nan
195 verbose addNameRange registry:http://registry.npm.taobao.org/nan not in flight; fetching
196 verbose request uri http://registry.npm.taobao.org/nan
197 verbose request no auth needed
198 info attempt registry request try #1 at 14:43:35
199 verbose etag "24fca-QsY555lQx43ixx1I2OUSaBY5Zw4"
200 http request GET http://registry.npm.taobao.org/nan
201 http 304 http://registry.npm.taobao.org/nan
202 verbose headers { date: 'Tue, 07 Aug 2018 06:43:36 GMT',
202 verbose headers   etag: '"24fca-QsY555lQx43ixx1I2OUSaBY5Zw4"',
202 verbose headers   'keep-alive': 'timeout=38',
202 verbose headers   server: 'nginx/1.4.6 (Ubuntu)',
202 verbose headers   'x-current-requests': '1',
202 verbose headers   'x-readtime': '21' }
203 silly get cb [ 304,
203 silly get   { date: 'Tue, 07 Aug 2018 06:43:36 GMT',
203 silly get     etag: '"24fca-QsY555lQx43ixx1I2OUSaBY5Zw4"',
203 silly get     'keep-alive': 'timeout=38',
203 silly get     server: 'nginx/1.4.6 (Ubuntu)',
203 silly get     'x-current-requests': '1',
203 silly get     'x-readtime': '21' } ]
204 verbose etag http://registry.npm.taobao.org/nan from cache
205 verbose get saving nan to /home/wgs/.npm/registry.npm.taobao.org/nan/.cache.json
206 verbose correctMkdir /home/wgs/.npm correctMkdir not in flight; initializing
207 silly addNameRange number 2 { name: 'nan', range: '>=2.0.8 <3.0.0', hasData: true }
208 silly addNameRange versions [ 'nan',
208 silly addNameRange   [ '2.10.0',
208 silly addNameRange     '2.9.2',
208 silly addNameRange     '2.9.1',
208 silly addNameRange     '2.8.0',
208 silly addNameRange     '2.7.0',
208 silly addNameRange     '2.6.2',
208 silly addNameRange     '2.6.1',
208 silly addNameRange     '2.6.0',
208 silly addNameRange     '2.5.1',
208 silly addNameRange     '2.5.0',
208 silly addNameRange     '2.4.0',
208 silly addNameRange     '2.3.5',
208 silly addNameRange     '2.3.4',
208 silly addNameRange     '2.3.3',
208 silly addNameRange     '2.3.2',
208 silly addNameRange     '2.3.1',
208 silly addNameRange     '2.3.0',
208 silly addNameRange     '2.2.1',
208 silly addNameRange     '2.2.0',
208 silly addNameRange     '2.1.0',
208 silly addNameRange     '2.0.9',
208 silly addNameRange     '2.0.8',
208 silly addNameRange     '2.0.7',
208 silly addNameRange     '2.0.6',
208 silly addNameRange     '2.0.5',
208 silly addNameRange     '2.0.4',
208 silly addNameRange     '2.0.3',
208 silly addNameRange     '2.0.2',
208 silly addNameRange     '2.0.1',
208 silly addNameRange     '2.0.0',
208 silly addNameRange     '1.9.0',
208 silly addNameRange     '1.8.4',
208 silly addNameRange     '1.8.3',
208 silly addNameRange     '1.8.2',
208 silly addNameRange     '1.8.1',
208 silly addNameRange     '1.8.0',
208 silly addNameRange     '1.7.0',
208 silly addNameRange     '1.6.2',
208 silly addNameRange     '1.6.1',
208 silly addNameRange     '1.5.3',
208 silly addNameRange     '1.6.0',
208 silly addNameRange     '1.5.2',
208 silly addNameRange     '1.5.1',
208 silly addNameRange     '1.4.3',
208 silly addNameRange     '1.4.2',
208 silly addNameRange     '1.5.0',
208 silly addNameRange     '1.4.1',
208 silly addNameRange     '1.4.0',
208 silly addNameRange     '1.3.0',
208 silly addNameRange     '1.2.0',
208 silly addNameRange     '1.1.2',
208 silly addNameRange     '1.1.1',
208 silly addNameRange     '1.1.0',
208 silly addNameRange     '1.0.0',
208 silly addNameRange     '0.8.0',
208 silly addNameRange     '0.7.1',
208 silly addNameRange     '0.7.0',
208 silly addNameRange     '0.6.0',
208 silly addNameRange     '0.5.2',
208 silly addNameRange     '0.5.1',
208 silly addNameRange     '0.5.0',
208 silly addNameRange     '0.4.4',
208 silly addNameRange     '0.4.3',
208 silly addNameRange     '0.4.2',
208 silly addNameRange     '0.4.1',
208 silly addNameRange     '0.4.0',
208 silly addNameRange     '0.3.2',
208 silly addNameRange     '0.3.1',
208 silly addNameRange     '0.3.0',
208 silly addNameRange     '0.3.0-wip2',
208 silly addNameRange     '0.3.0-wip' ] ]
209 silly addNamed nan@2.10.0
210 verbose addNamed "2.10.0" is a plain semver version for nan
211 silly cache afterAdd nan@2.10.0
212 verbose afterAdd /home/wgs/.npm/nan/2.10.0/package/package.json not in flight; writing
213 verbose correctMkdir /home/wgs/.npm correctMkdir not in flight; initializing
214 verbose afterAdd /home/wgs/.npm/nan/2.10.0/package/package.json written
215 silly install resolved [ { name: 'nan',
215 silly install resolved     version: '2.10.0',
215 silly install resolved     description: 'Native Abstractions for Node.js: C++ header for Node 0.8 -> 9 compatibility',
215 silly install resolved     main: 'include_dirs.js',
215 silly install resolved     repository: { type: 'git', url: 'git://github.com/nodejs/nan.git' },
215 silly install resolved     scripts:
215 silly install resolved      { test: 'tap --gc --stderr test/js/*-test.js',
215 silly install resolved        'rebuild-tests': 'node-gyp rebuild --msvs_version=2015 --directory test',
215 silly install resolved        docs: 'doc/.build.sh' },
215 silly install resolved     contributors:
215 silly install resolved      [ [Object],
215 silly install resolved        [Object],
215 silly install resolved        [Object],
215 silly install resolved        [Object],
215 silly install resolved        [Object],
215 silly install resolved        [Object],
215 silly install resolved        [Object],
215 silly install resolved        [Object] ],
215 silly install resolved     devDependencies:
215 silly install resolved      { bindings: '~1.2.1',
215 silly install resolved        commander: '^2.8.1',
215 silly install resolved        glob: '^5.0.14',
215 silly install resolved        request: '=2.81.0',
215 silly install resolved        'node-gyp': '~3.6.2',
215 silly install resolved        'readable-stream': '^2.1.4',
215 silly install resolved        tap: '~0.7.1',
215 silly install resolved        xtend: '~4.0.0' },
215 silly install resolved     license: 'MIT',
215 silly install resolved     bugs: { url: 'https://github.com/nodejs/nan/issues' },
215 silly install resolved     homepage: 'https://github.com/nodejs/nan#readme',
215 silly install resolved     _id: 'nan@2.10.0',
215 silly install resolved     _npmVersion: '5.6.0',
215 silly install resolved     _nodeVersion: '9.6.0',
215 silly install resolved     _npmUser: { name: 'kkoopa', email: 'bbyholm@abo.fi' },
215 silly install resolved     dist:
215 silly install resolved      { shasum: '96d0cd610ebd58d4b4de9cc0c6828cda99c7548f',
215 silly install resolved        size: 73721,
215 silly install resolved        noattachment: false,
215 silly install resolved        tarball: 'http://registry.npm.taobao.org/nan/download/nan-2.10.0.tgz' },
215 silly install resolved     maintainers: [ [Object], [Object] ],
215 silly install resolved     directories: {},
215 silly install resolved     _npmOperationalInternal:
215 silly install resolved      { host: 's3://npm-registry-packages',
215 silly install resolved        tmp: 'tmp/nan_2.10.0_1521216708687_0.31611161513830033' },
215 silly install resolved     _hasShrinkwrap: false,
215 silly install resolved     publish_time: 1521216708820,
215 silly install resolved     _cnpm_publish_time: 1521216708820,
215 silly install resolved     _shasum: '96d0cd610ebd58d4b4de9cc0c6828cda99c7548f',
215 silly install resolved     _resolved: 'http://registry.npm.taobao.org/nan/download/nan-2.10.0.tgz',
215 silly install resolved     _from: 'nan@>=2.0.8 <3.0.0',
215 silly install resolved     readme: 'ERROR: No README data found!' } ]
216 info install nan@2.10.0 into /home/wgs/Git/wgs/Blockchain/web3-contract/node_modules/scrypt
217 info installOne nan@2.10.0
218 verbose installOne of nan to /home/wgs/Git/wgs/Blockchain/web3-contract/node_modules/scrypt not in flight; installing
219 verbose correctMkdir /home/wgs/.npm/_locks correctMkdir not in flight; initializing
220 verbose lock using /home/wgs/.npm/_locks/nan-638dc2875424f43f.lock for /home/wgs/Git/wgs/Blockchain/web3-contract/node_modules/scrypt/node_modules/nan
221 silly install write writing nan 2.10.0 to /home/wgs/Git/wgs/Blockchain/web3-contract/node_modules/scrypt/node_modules/nan
222 verbose unbuild node_modules/scrypt/node_modules/nan
223 silly gentlyRm /home/wgs/Git/wgs/Blockchain/web3-contract/node_modules/scrypt/node_modules/nan is being purged from base /home/wgs/Git/wgs/Blockchain/web3-contract
224 verbose gentlyRm don't care about contents; nuking /home/wgs/Git/wgs/Blockchain/web3-contract/node_modules/scrypt/node_modules/nan
225 verbose tar unpack /home/wgs/.npm/nan/2.10.0/package.tgz
226 verbose tar unpacking to /home/wgs/Git/wgs/Blockchain/web3-contract/node_modules/scrypt/node_modules/nan
227 silly gentlyRm /home/wgs/Git/wgs/Blockchain/web3-contract/node_modules/scrypt/node_modules/nan is being purged
228 verbose gentlyRm don't care about contents; nuking /home/wgs/Git/wgs/Blockchain/web3-contract/node_modules/scrypt/node_modules/nan
229 silly gunzTarPerm modes [ '755', '644' ]
230 silly gunzTarPerm extractEntry package.json
231 silly gunzTarPerm modified mode [ 'package.json', 436, 420 ]
232 silly gunzTarPerm extractEntry CHANGELOG.md
233 silly gunzTarPerm modified mode [ 'CHANGELOG.md', 436, 420 ]
234 silly gunzTarPerm extractEntry include_dirs.js
235 silly gunzTarPerm modified mode [ 'include_dirs.js', 436, 420 ]
236 silly gunzTarPerm extractEntry LICENSE.md
237 silly gunzTarPerm modified mode [ 'LICENSE.md', 436, 420 ]
238 silly gunzTarPerm extractEntry nan_callbacks_12_inl.h
239 silly gunzTarPerm modified mode [ 'nan_callbacks_12_inl.h', 436, 420 ]
240 silly gunzTarPerm extractEntry nan_callbacks_pre_12_inl.h
241 silly gunzTarPerm modified mode [ 'nan_callbacks_pre_12_inl.h', 436, 420 ]
242 silly gunzTarPerm extractEntry nan_callbacks.h
243 silly gunzTarPerm modified mode [ 'nan_callbacks.h', 436, 420 ]
244 silly gunzTarPerm extractEntry nan_converters_43_inl.h
245 silly gunzTarPerm modified mode [ 'nan_converters_43_inl.h', 436, 420 ]
246 silly gunzTarPerm extractEntry nan_converters_pre_43_inl.h
247 silly gunzTarPerm modified mode [ 'nan_converters_pre_43_inl.h', 436, 420 ]
248 silly gunzTarPerm extractEntry nan_converters.h
249 silly gunzTarPerm modified mode [ 'nan_converters.h', 436, 420 ]
250 silly gunzTarPerm extractEntry nan_define_own_property_helper.h
251 silly gunzTarPerm modified mode [ 'nan_define_own_property_helper.h', 436, 420 ]
252 silly gunzTarPerm extractEntry nan_implementation_12_inl.h
253 silly gunzTarPerm modified mode [ 'nan_implementation_12_inl.h', 436, 420 ]
254 silly gunzTarPerm extractEntry nan_implementation_pre_12_inl.h
255 silly gunzTarPerm modified mode [ 'nan_implementation_pre_12_inl.h', 436, 420 ]
256 silly gunzTarPerm extractEntry nan_json.h
257 silly gunzTarPerm modified mode [ 'nan_json.h', 436, 420 ]
258 silly gunzTarPerm extractEntry nan_maybe_43_inl.h
259 silly gunzTarPerm modified mode [ 'nan_maybe_43_inl.h', 436, 420 ]
260 silly gunzTarPerm extractEntry nan_maybe_pre_43_inl.h
261 silly gunzTarPerm modified mode [ 'nan_maybe_pre_43_inl.h', 436, 420 ]
262 silly gunzTarPerm extractEntry nan_new.h
263 silly gunzTarPerm modified mode [ 'nan_new.h', 436, 420 ]
264 silly gunzTarPerm extractEntry nan_object_wrap.h
265 silly gunzTarPerm modified mode [ 'nan_object_wrap.h', 436, 420 ]
266 silly gunzTarPerm extractEntry nan_persistent_12_inl.h
267 silly gunzTarPerm modified mode [ 'nan_persistent_12_inl.h', 436, 420 ]
268 silly gunzTarPerm extractEntry nan_persistent_pre_12_inl.h
269 silly gunzTarPerm modified mode [ 'nan_persistent_pre_12_inl.h', 436, 420 ]
270 silly gunzTarPerm extractEntry nan_private.h
271 silly gunzTarPerm modified mode [ 'nan_private.h', 436, 420 ]
272 silly gunzTarPerm extractEntry nan_string_bytes.h
273 silly gunzTarPerm modified mode [ 'nan_string_bytes.h', 436, 420 ]
274 silly gunzTarPerm extractEntry nan_typedarray_contents.h
275 silly gunzTarPerm modified mode [ 'nan_typedarray_contents.h', 436, 420 ]
276 silly gunzTarPerm extractEntry nan_weak.h
277 silly gunzTarPerm modified mode [ 'nan_weak.h', 436, 420 ]
278 silly gunzTarPerm extractEntry nan.h
279 silly gunzTarPerm modified mode [ 'nan.h', 436, 420 ]
280 silly gunzTarPerm extractEntry README.md
281 silly gunzTarPerm modified mode [ 'README.md', 436, 420 ]
282 silly gunzTarPerm extractEntry doc/asyncworker.md
283 silly gunzTarPerm modified mode [ 'doc/asyncworker.md', 436, 420 ]
284 silly gunzTarPerm extractEntry doc/buffers.md
285 silly gunzTarPerm modified mode [ 'doc/buffers.md', 436, 420 ]
286 silly gunzTarPerm extractEntry doc/callback.md
287 silly gunzTarPerm modified mode [ 'doc/callback.md', 436, 420 ]
288 silly gunzTarPerm extractEntry doc/converters.md
289 silly gunzTarPerm modified mode [ 'doc/converters.md', 436, 420 ]
290 silly gunzTarPerm extractEntry doc/errors.md
291 silly gunzTarPerm modified mode [ 'doc/errors.md', 436, 420 ]
292 silly gunzTarPerm extractEntry doc/json.md
293 silly gunzTarPerm modified mode [ 'doc/json.md', 436, 420 ]
294 silly gunzTarPerm extractEntry doc/maybe_types.md
295 silly gunzTarPerm modified mode [ 'doc/maybe_types.md', 436, 420 ]
296 silly gunzTarPerm extractEntry doc/methods.md
297 silly gunzTarPerm modified mode [ 'doc/methods.md', 436, 420 ]
298 silly gunzTarPerm extractEntry doc/new.md
299 silly gunzTarPerm modified mode [ 'doc/new.md', 436, 420 ]
300 silly gunzTarPerm extractEntry doc/node_misc.md
301 silly gunzTarPerm modified mode [ 'doc/node_misc.md', 436, 420 ]
302 silly gunzTarPerm extractEntry doc/object_wrappers.md
303 silly gunzTarPerm modified mode [ 'doc/object_wrappers.md', 436, 420 ]
304 silly gunzTarPerm extractEntry doc/persistent.md
305 silly gunzTarPerm modified mode [ 'doc/persistent.md', 436, 420 ]
306 silly gunzTarPerm extractEntry doc/scopes.md
307 silly gunzTarPerm modified mode [ 'doc/scopes.md', 436, 420 ]
308 silly gunzTarPerm extractEntry doc/script.md
309 silly gunzTarPerm modified mode [ 'doc/script.md', 436, 420 ]
310 silly gunzTarPerm extractEntry doc/string_bytes.md
311 silly gunzTarPerm modified mode [ 'doc/string_bytes.md', 436, 420 ]
312 silly gunzTarPerm extractEntry doc/v8_internals.md
313 silly gunzTarPerm modified mode [ 'doc/v8_internals.md', 436, 420 ]
314 silly gunzTarPerm extractEntry doc/v8_misc.md
315 silly gunzTarPerm modified mode [ 'doc/v8_misc.md', 436, 420 ]
316 silly gunzTarPerm extractEntry tools/1to2.js
317 silly gunzTarPerm modified mode [ 'tools/1to2.js', 509, 493 ]
318 silly gunzTarPerm extractEntry tools/package.json
319 silly gunzTarPerm modified mode [ 'tools/package.json', 436, 420 ]
320 silly gunzTarPerm extractEntry tools/README.md
321 silly gunzTarPerm modified mode [ 'tools/README.md', 436, 420 ]
322 verbose write writing to /home/wgs/Git/wgs/Blockchain/web3-contract/node_modules/scrypt/node_modules/nan/package.json
323 info preinstall nan@2.10.0
324 verbose readDependencies loading dependencies from /home/wgs/Git/wgs/Blockchain/web3-contract/node_modules/scrypt/node_modules/nan/package.json
325 verbose readDependencies loading dependencies from /home/wgs/Git/wgs/Blockchain/web3-contract/node_modules/scrypt/node_modules/nan/package.json
326 silly install resolved []
327 verbose about to build /home/wgs/Git/wgs/Blockchain/web3-contract/node_modules/scrypt/node_modules/nan
328 info build /home/wgs/Git/wgs/Blockchain/web3-contract/node_modules/scrypt/node_modules/nan
329 info linkStuff nan@2.10.0
330 silly linkStuff nan@2.10.0 has /home/wgs/Git/wgs/Blockchain/web3-contract/node_modules/scrypt/node_modules as its parent node_modules
331 verbose linkBins nan@2.10.0
332 verbose linkMans nan@2.10.0
333 verbose rebuildBundles nan@2.10.0
334 info install nan@2.10.0
335 info postinstall nan@2.10.0
336 verbose unlock done using /home/wgs/.npm/_locks/nan-638dc2875424f43f.lock for /home/wgs/Git/wgs/Blockchain/web3-contract/node_modules/scrypt/node_modules/nan
337 verbose about to build /home/wgs/Git/wgs/Blockchain/web3-contract/node_modules/scrypt
338 info build /home/wgs/Git/wgs/Blockchain/web3-contract/node_modules/scrypt
339 info linkStuff scrypt@6.0.3
340 silly linkStuff scrypt@6.0.3 has /home/wgs/Git/wgs/Blockchain/web3-contract/node_modules as its parent node_modules
341 verbose linkBins scrypt@6.0.3
342 verbose linkMans scrypt@6.0.3
343 verbose rebuildBundles scrypt@6.0.3
344 verbose rebuildBundles [ 'nan' ]
345 info install scrypt@6.0.3
346 verbose unsafe-perm in lifecycle true
347 info scrypt@6.0.3 Failed to exec install script
348 verbose unlock done using /home/wgs/.npm/_locks/scrypt-cd567be72bb114b7.lock for /home/wgs/Git/wgs/Blockchain/web3-contract/node_modules/scrypt
349 verbose stack Error: scrypt@6.0.3 install: `node-gyp rebuild`
349 verbose stack Exit status 1
349 verbose stack     at EventEmitter.<anonymous> (/usr/local/lib/node_modules/npm/lib/utils/lifecycle.js:217:16)
349 verbose stack     at EventEmitter.emit (events.js:110:17)
349 verbose stack     at ChildProcess.<anonymous> (/usr/local/lib/node_modules/npm/lib/utils/spawn.js:24:14)
349 verbose stack     at ChildProcess.emit (events.js:110:17)
349 verbose stack     at maybeClose (child_process.js:1019:16)
349 verbose stack     at Process.ChildProcess._handle.onexit (child_process.js:1091:5)
350 verbose pkgid scrypt@6.0.3
351 verbose cwd /home/wgs/Git/wgs/Blockchain/web3-contract
352 error Linux 3.16.0-4-amd64
353 error argv "/usr/local/bin/node" "/usr/local/bin/npm" "install"
354 error node v0.12.19
355 error npm  v2.15.11
356 error code ELIFECYCLE
357 error scrypt@6.0.3 install: `node-gyp rebuild`
357 error Exit status 1
358 error Failed at the scrypt@6.0.3 install script 'node-gyp rebuild'.
358 error This is most likely a problem with the scrypt package,
358 error not with npm itself.
358 error Tell the author that this fails on your system:
358 error     node-gyp rebuild
358 error You can get information on how to open an issue for this project with:
358 error     npm bugs scrypt
358 error Or if that isn't available, you can get their info via:
358 error
358 error     npm owner ls scrypt
358 error There is likely additional logging output above.
359 verbose exit [ 1, true ]
360 verbose unbuild node_modules/scrypt
361 info preuninstall scrypt@6.0.3
362 info uninstall scrypt@6.0.3
363 verbose unbuild rmStuff scrypt@6.0.3 from /home/wgs/Git/wgs/Blockchain/web3-contract/node_modules
364 info postuninstall scrypt@6.0.3
365 silly gentlyRm /home/wgs/Git/wgs/Blockchain/web3-contract/node_modules/scrypt is being purged from base /home/wgs/Git/wgs/Blockchain/web3-contract
366 verbose gentlyRm don't care about contents; nuking /home/wgs/Git/wgs/Blockchain/web3-contract/node_modules/scrypt
367 silly vacuum-fs purging /home/wgs/Git/wgs/Blockchain/web3-contract/node_modules/scrypt
368 silly vacuum-fs removing /home/wgs/Git/wgs/Blockchain/web3-contract/node_modules
369 silly vacuum-fs finished vacuuming up to /home/wgs/Git/wgs/Blockchain/web3-contract
