This file contains any messages produced by compilers while
running configure, to aid debugging if configure makes a mistake.

It was created by configure, which was
generated by GNU Autoconf 2.61.  Invocation command line was

  $ ./configure --enable-debugger --enable-disasm --enable-debugger-gui

## --------- ##
## Platform. ##
## --------- ##

hostname = wgs
uname -m = x86_64
uname -r = 3.19.0-51-generic
uname -s = Linux
uname -v = #57~14.04.1-Ubuntu SMP Fri Feb 19 14:36:55 UTC 2016

/usr/bin/uname -p = unknown
/bin/uname -X     = unknown

/bin/arch              = unknown
/usr/bin/arch -k       = unknown
/usr/convex/getsysinfo = unknown
/usr/bin/hostinfo      = unknown
/bin/machine           = unknown
/usr/bin/oslevel       = unknown
/bin/universe          = unknown

PATH: /usr/local/sbin
PATH: /usr/local/bin
PATH: /usr/sbin
PATH: /usr/bin
PATH: /sbin
PATH: /bin


## ----------- ##
## Core tests. ##
## ----------- ##

configure:2125: checking build system type
configure:2143: result: x86_64-unknown-linux-gnu
configure:2165: checking host system type
configure:2180: result: x86_64-unknown-linux-gnu
configure:2202: checking target system type
configure:2217: result: x86_64-unknown-linux-gnu
configure:2246: checking if you are configuring for another platform
configure:2253: result: no
configure:2311: checking for standard CFLAGS on this platform
configure:2313: result: 
configure:2382: checking for gcc
configure:2398: found /usr/bin/gcc
configure:2409: result: gcc
configure:2647: checking for C compiler version
configure:2654: gcc --version >&5
gcc (Ubuntu 4.8.4-2ubuntu1~14.04) 4.8.4
Copyright (C) 2013 Free Software Foundation, Inc.
This is free software; see the source for copying conditions.  There is NO
warranty; not even for MERCHANTABILITY or FITNESS FOR A PARTICULAR PURPOSE.

configure:2657: $? = 0
configure:2664: gcc -v >&5
Using built-in specs.
COLLECT_GCC=gcc
COLLECT_LTO_WRAPPER=/usr/lib/gcc/x86_64-linux-gnu/4.8/lto-wrapper
Target: x86_64-linux-gnu
Configured with: ../src/configure -v --with-pkgversion='Ubuntu 4.8.4-2ubuntu1~14.04' --with-bugurl=file:///usr/share/doc/gcc-4.8/README.Bugs --enable-languages=c,c++,java,go,d,fortran,objc,obj-c++ --prefix=/usr --program-suffix=-4.8 --enable-shared --enable-linker-build-id --libexecdir=/usr/lib --without-included-gettext --enable-threads=posix --with-gxx-include-dir=/usr/include/c++/4.8 --libdir=/usr/lib --enable-nls --with-sysroot=/ --enable-clocale=gnu --enable-libstdcxx-debug --enable-libstdcxx-time=yes --enable-gnu-unique-object --disable-libmudflap --enable-plugin --with-system-zlib --disable-browser-plugin --enable-java-awt=gtk --enable-gtk-cairo --with-java-home=/usr/lib/jvm/java-1.5.0-gcj-4.8-amd64/jre --enable-java-home --with-jvm-root-dir=/usr/lib/jvm/java-1.5.0-gcj-4.8-amd64 --with-jvm-jar-dir=/usr/lib/jvm-exports/java-1.5.0-gcj-4.8-amd64 --with-arch-directory=amd64 --with-ecj-jar=/usr/share/java/eclipse-ecj.jar --enable-objc-gc --enable-multiarch --disable-werror --with-arch-32=i686 --with-abi=m64 --with-multilib-list=m32,m64,mx32 --with-tune=generic --enable-checking=release --build=x86_64-linux-gnu --host=x86_64-linux-gnu --target=x86_64-linux-gnu
Thread model: posix
gcc version 4.8.4 (Ubuntu 4.8.4-2ubuntu1~14.04) 
configure:2667: $? = 0
configure:2674: gcc -V >&5
gcc: error: unrecognized command line option '-V'
gcc: fatal error: no input files
compilation terminated.
configure:2677: $? = 4
configure:2700: checking for C compiler default output file name
configure:2727: gcc    conftest.c  >&5
configure:2730: $? = 0
configure:2768: result: a.out
configure:2785: checking whether the C compiler works
configure:2795: ./a.out
configure:2798: $? = 0
configure:2815: result: yes
configure:2822: checking whether we are cross compiling
configure:2824: result: no
configure:2827: checking for suffix of executables
configure:2834: gcc -o conftest    conftest.c  >&5
configure:2837: $? = 0
configure:2861: result: 
configure:2867: checking for suffix of object files
configure:2893: gcc -c   conftest.c >&5
configure:2896: $? = 0
configure:2919: result: o
configure:2923: checking whether we are using the GNU C compiler
configure:2952: gcc -c   conftest.c >&5
configure:2958: $? = 0
configure:2975: result: yes
configure:2980: checking whether gcc accepts -g
configure:3010: gcc -c -g  conftest.c >&5
configure:3016: $? = 0
configure:3115: result: yes
configure:3132: checking for gcc option to accept ISO C89
configure:3206: gcc  -c -g -O2  conftest.c >&5
configure:3212: $? = 0
configure:3235: result: none needed
configure:3311: checking for g++
configure:3341: result: no
configure:3311: checking for c++
configure:3341: result: no
configure:3311: checking for gpp
configure:3341: result: no
configure:3311: checking for aCC
configure:3341: result: no
configure:3311: checking for CC
configure:3341: result: no
configure:3311: checking for cxx
configure:3341: result: no
configure:3311: checking for cc++
configure:3341: result: no
configure:3311: checking for cl.exe
configure:3341: result: no
configure:3311: checking for FCC
configure:3341: result: no
configure:3311: checking for KCC
configure:3341: result: no
configure:3311: checking for RCC
configure:3341: result: no
configure:3311: checking for xlC_r
configure:3341: result: no
configure:3311: checking for xlC
configure:3341: result: no
configure:3369: checking for C++ compiler version
configure:3376: g++ --version >&5
./configure: line 3377: g++: command not found
configure:3379: $? = 127
configure:3386: g++ -v >&5
./configure: line 3387: g++: command not found
configure:3389: $? = 127
configure:3396: g++ -V >&5
./configure: line 3397: g++: command not found
configure:3399: $? = 127
configure:3402: checking whether we are using the GNU C++ compiler
configure:3431: g++ -c   conftest.cpp >&5
./configure: line 3432: g++: command not found
configure:3437: $? = 127
configure: failed program was:
| /* confdefs.h.  */
| #define PACKAGE_NAME ""
| #define PACKAGE_TARNAME ""
| #define PACKAGE_VERSION ""
| #define PACKAGE_STRING ""
| #define PACKAGE_BUGREPORT ""
| /* end confdefs.h.  */
| 
| int
| main ()
| {
| #ifndef __GNUC__
|        choke me
| #endif
| 
|   ;
|   return 0;
| }
configure:3454: result: no
configure:3459: checking whether g++ accepts -g
configure:3489: g++ -c -g  conftest.cpp >&5
./configure: line 3490: g++: command not found
configure:3495: $? = 127
configure: failed program was:
| /* confdefs.h.  */
| #define PACKAGE_NAME ""
| #define PACKAGE_TARNAME ""
| #define PACKAGE_VERSION ""
| #define PACKAGE_STRING ""
| #define PACKAGE_BUGREPORT ""
| /* end confdefs.h.  */
| 
| int
| main ()
| {
| 
|   ;
|   return 0;
| }
configure:3527: g++ -c   conftest.cpp >&5
./configure: line 3528: g++: command not found
configure:3533: $? = 127
configure: failed program was:
| /* confdefs.h.  */
| #define PACKAGE_NAME ""
| #define PACKAGE_TARNAME ""
| #define PACKAGE_VERSION ""
| #define PACKAGE_STRING ""
| #define PACKAGE_BUGREPORT ""
| /* end confdefs.h.  */
| 
| int
| main ()
| {
| 
|   ;
|   return 0;
| }
configure:3566: g++ -c -g  conftest.cpp >&5
./configure: line 3567: g++: command not found
configure:3572: $? = 127
configure: failed program was:
| /* confdefs.h.  */
| #define PACKAGE_NAME ""
| #define PACKAGE_TARNAME ""
| #define PACKAGE_VERSION ""
| #define PACKAGE_STRING ""
| #define PACKAGE_BUGREPORT ""
| /* end confdefs.h.  */
| 
| int
| main ()
| {
| 
|   ;
|   return 0;
| }
configure:3594: result: no
configure:3617: checking whether make sets $(MAKE)
configure:3638: result: yes
configure:3723: checking for a sed that does not truncate output
configure:3777: result: /bin/sed
configure:3780: checking for grep that handles long lines and -e
configure:3854: result: /bin/grep
configure:3859: checking for egrep
configure:3937: result: /bin/grep -E
configure:3953: checking for ld used by gcc
configure:4020: result: /usr/bin/ld
configure:4029: checking if the linker (/usr/bin/ld) is GNU ld
configure:4044: result: yes
configure:4049: checking for /usr/bin/ld option to reload object files
configure:4056: result: -r
configure:4065: checking for BSD-compatible nm
configure:4107: result: /usr/bin/nm -B
configure:4111: checking whether ln -s works
configure:4115: result: yes
configure:4122: checking how to recognise dependent libraries
configure:4322: result: file_magic ELF [0-9][0-9]*-bit [LM]SB (shared object|dynamic lib )
configure:4407: gcc -c -g -O2  conftest.c >&5
configure:4410: $? = 0
configure:4533: checking how to run the C preprocessor
configure:4573: gcc -E  conftest.c
configure:4579: $? = 0
configure:4610: gcc -E  conftest.c
conftest.c:8:28: fatal error: ac_nonexistent.h: No such file or directory
 #include <ac_nonexistent.h>
                            ^
compilation terminated.
configure:4616: $? = 1
configure: failed program was:
| /* confdefs.h.  */
| #define PACKAGE_NAME ""
| #define PACKAGE_TARNAME ""
| #define PACKAGE_VERSION ""
| #define PACKAGE_STRING ""
| #define PACKAGE_BUGREPORT ""
| /* end confdefs.h.  */
| #include <ac_nonexistent.h>
configure:4649: result: gcc -E
configure:4678: gcc -E  conftest.c
configure:4684: $? = 0
configure:4715: gcc -E  conftest.c
conftest.c:8:28: fatal error: ac_nonexistent.h: No such file or directory
 #include <ac_nonexistent.h>
                            ^
compilation terminated.
configure:4721: $? = 1
configure: failed program was:
| /* confdefs.h.  */
| #define PACKAGE_NAME ""
| #define PACKAGE_TARNAME ""
| #define PACKAGE_VERSION ""
| #define PACKAGE_STRING ""
| #define PACKAGE_BUGREPORT ""
| /* end confdefs.h.  */
| #include <ac_nonexistent.h>
configure:4759: checking for ANSI C header files
configure:4789: gcc -c -g -O2  conftest.c >&5
configure:4795: $? = 0
configure:4894: gcc -o conftest -g -O2   conftest.c  >&5
configure:4897: $? = 0
configure:4903: ./conftest
configure:4906: $? = 0
configure:4923: result: yes
configure:4947: checking for sys/types.h
configure:4968: gcc -c -g -O2  conftest.c >&5
configure:4974: $? = 0
configure:4990: result: yes
configure:4947: checking for sys/stat.h
configure:4968: gcc -c -g -O2  conftest.c >&5
configure:4974: $? = 0
configure:4990: result: yes
configure:4947: checking for stdlib.h
configure:4968: gcc -c -g -O2  conftest.c >&5
configure:4974: $? = 0
configure:4990: result: yes
configure:4947: checking for string.h
configure:4968: gcc -c -g -O2  conftest.c >&5
configure:4974: $? = 0
configure:4990: result: yes
configure:4947: checking for memory.h
configure:4968: gcc -c -g -O2  conftest.c >&5
configure:4974: $? = 0
configure:4990: result: yes
configure:4947: checking for strings.h
configure:4968: gcc -c -g -O2  conftest.c >&5
configure:4974: $? = 0
configure:4990: result: yes
configure:4947: checking for inttypes.h
configure:4968: gcc -c -g -O2  conftest.c >&5
configure:4974: $? = 0
configure:4990: result: yes
configure:4947: checking for stdint.h
configure:4968: gcc -c -g -O2  conftest.c >&5
configure:4974: $? = 0
configure:4990: result: yes
configure:4947: checking for unistd.h
configure:4968: gcc -c -g -O2  conftest.c >&5
configure:4974: $? = 0
configure:4990: result: yes
configure:5017: checking dlfcn.h usability
configure:5034: gcc -c -g -O2  conftest.c >&5
configure:5040: $? = 0
configure:5054: result: yes
configure:5058: checking dlfcn.h presence
configure:5073: gcc -E  conftest.c
configure:5079: $? = 0
configure:5093: result: yes
configure:5121: checking for dlfcn.h
configure:5129: result: yes
configure:5147: checking how to run the C++ preprocessor
configure:5183: g++ -E  conftest.cpp
./configure: line 5184: g++: command not found
configure:5189: $? = 127
configure: failed program was:
| /* confdefs.h.  */
| #define PACKAGE_NAME ""
| #define PACKAGE_TARNAME ""
| #define PACKAGE_VERSION ""
| #define PACKAGE_STRING ""
| #define PACKAGE_BUGREPORT ""
| #define STDC_HEADERS 1
| #define HAVE_SYS_TYPES_H 1
| #define HAVE_SYS_STAT_H 1
| #define HAVE_STDLIB_H 1
| #define HAVE_STRING_H 1
| #define HAVE_MEMORY_H 1
| #define HAVE_STRINGS_H 1
| #define HAVE_INTTYPES_H 1
| #define HAVE_STDINT_H 1
| #define HAVE_UNISTD_H 1
| #define HAVE_DLFCN_H 1
| /* end confdefs.h.  */
| #ifdef __STDC__
| # include <limits.h>
| #else
| # include <assert.h>
| #endif
| 		     Syntax error
configure:5183: g++ -E  conftest.cpp
./configure: line 5184: g++: command not found
configure:5189: $? = 127
configure: failed program was:
| /* confdefs.h.  */
| #define PACKAGE_NAME ""
| #define PACKAGE_TARNAME ""
| #define PACKAGE_VERSION ""
| #define PACKAGE_STRING ""
| #define PACKAGE_BUGREPORT ""
| #define STDC_HEADERS 1
| #define HAVE_SYS_TYPES_H 1
| #define HAVE_SYS_STAT_H 1
| #define HAVE_STDLIB_H 1
| #define HAVE_STRING_H 1
| #define HAVE_MEMORY_H 1
| #define HAVE_STRINGS_H 1
| #define HAVE_INTTYPES_H 1
| #define HAVE_STDINT_H 1
| #define HAVE_UNISTD_H 1
| #define HAVE_DLFCN_H 1
| /* end confdefs.h.  */
| #ifdef __STDC__
| # include <limits.h>
| #else
| # include <assert.h>
| #endif
| 		     Syntax error
configure:5183: /lib/cpp  conftest.cpp
cpp: error trying to exec 'cc1plus': execvp: No such file or directory
configure:5189: $? = 1
configure: failed program was:
| /* confdefs.h.  */
| #define PACKAGE_NAME ""
| #define PACKAGE_TARNAME ""
| #define PACKAGE_VERSION ""
| #define PACKAGE_STRING ""
| #define PACKAGE_BUGREPORT ""
| #define STDC_HEADERS 1
| #define HAVE_SYS_TYPES_H 1
| #define HAVE_SYS_STAT_H 1
| #define HAVE_STDLIB_H 1
| #define HAVE_STRING_H 1
| #define HAVE_MEMORY_H 1
| #define HAVE_STRINGS_H 1
| #define HAVE_INTTYPES_H 1
| #define HAVE_STDINT_H 1
| #define HAVE_UNISTD_H 1
| #define HAVE_DLFCN_H 1
| /* end confdefs.h.  */
| #ifdef __STDC__
| # include <limits.h>
| #else
| # include <assert.h>
| #endif
| 		     Syntax error
configure:5183: /lib/cpp  conftest.cpp
cpp: error trying to exec 'cc1plus': execvp: No such file or directory
configure:5189: $? = 1
configure: failed program was:
| /* confdefs.h.  */
| #define PACKAGE_NAME ""
| #define PACKAGE_TARNAME ""
| #define PACKAGE_VERSION ""
| #define PACKAGE_STRING ""
| #define PACKAGE_BUGREPORT ""
| #define STDC_HEADERS 1
| #define HAVE_SYS_TYPES_H 1
| #define HAVE_SYS_STAT_H 1
| #define HAVE_STDLIB_H 1
| #define HAVE_STRING_H 1
| #define HAVE_MEMORY_H 1
| #define HAVE_STRINGS_H 1
| #define HAVE_INTTYPES_H 1
| #define HAVE_STDINT_H 1
| #define HAVE_UNISTD_H 1
| #define HAVE_DLFCN_H 1
| /* end confdefs.h.  */
| #ifdef __STDC__
| # include <limits.h>
| #else
| # include <assert.h>
| #endif
| 		     Syntax error
configure:5259: result: /lib/cpp
configure:5288: /lib/cpp  conftest.cpp
cpp: error trying to exec 'cc1plus': execvp: No such file or directory
configure:5294: $? = 1
configure: failed program was:
| /* confdefs.h.  */
| #define PACKAGE_NAME ""
| #define PACKAGE_TARNAME ""
| #define PACKAGE_VERSION ""
| #define PACKAGE_STRING ""
| #define PACKAGE_BUGREPORT ""
| #define STDC_HEADERS 1
| #define HAVE_SYS_TYPES_H 1
| #define HAVE_SYS_STAT_H 1
| #define HAVE_STDLIB_H 1
| #define HAVE_STRING_H 1
| #define HAVE_MEMORY_H 1
| #define HAVE_STRINGS_H 1
| #define HAVE_INTTYPES_H 1
| #define HAVE_STDINT_H 1
| #define HAVE_UNISTD_H 1
| #define HAVE_DLFCN_H 1
| /* end confdefs.h.  */
| #ifdef __STDC__
| # include <limits.h>
| #else
| # include <assert.h>
| #endif
| 		     Syntax error
configure:5288: /lib/cpp  conftest.cpp
cpp: error trying to exec 'cc1plus': execvp: No such file or directory
configure:5294: $? = 1
configure: failed program was:
| /* confdefs.h.  */
| #define PACKAGE_NAME ""
| #define PACKAGE_TARNAME ""
| #define PACKAGE_VERSION ""
| #define PACKAGE_STRING ""
| #define PACKAGE_BUGREPORT ""
| #define STDC_HEADERS 1
| #define HAVE_SYS_TYPES_H 1
| #define HAVE_SYS_STAT_H 1
| #define HAVE_STDLIB_H 1
| #define HAVE_STRING_H 1
| #define HAVE_MEMORY_H 1
| #define HAVE_STRINGS_H 1
| #define HAVE_INTTYPES_H 1
| #define HAVE_STDINT_H 1
| #define HAVE_UNISTD_H 1
| #define HAVE_DLFCN_H 1
| /* end confdefs.h.  */
| #ifdef __STDC__
| # include <limits.h>
| #else
| # include <assert.h>
| #endif
| 		     Syntax error
configure:5356: error: C++ preprocessor "/lib/cpp" fails sanity check
See `config.log' for more details.

## ---------------- ##
## Cache variables. ##
## ---------------- ##

ac_cv_build=x86_64-unknown-linux-gnu
ac_cv_c_compiler_gnu=yes
ac_cv_cxx_compiler_gnu=no
ac_cv_env_CCC_set=
ac_cv_env_CCC_value=
ac_cv_env_CC_set=
ac_cv_env_CC_value=
ac_cv_env_CFLAGS_set=
ac_cv_env_CFLAGS_value=
ac_cv_env_CPPFLAGS_set=
ac_cv_env_CPPFLAGS_value=
ac_cv_env_CPP_set=
ac_cv_env_CPP_value=
ac_cv_env_CXXCPP_set=
ac_cv_env_CXXCPP_value=
ac_cv_env_CXXFLAGS_set=
ac_cv_env_CXXFLAGS_value=
ac_cv_env_CXX_set=
ac_cv_env_CXX_value=
ac_cv_env_F77_set=
ac_cv_env_F77_value=
ac_cv_env_FFLAGS_set=
ac_cv_env_FFLAGS_value=
ac_cv_env_LDFLAGS_set=
ac_cv_env_LDFLAGS_value=
ac_cv_env_LIBS_set=
ac_cv_env_LIBS_value=
ac_cv_env_XMKMF_set=
ac_cv_env_XMKMF_value=
ac_cv_env_build_alias_set=
ac_cv_env_build_alias_value=
ac_cv_env_host_alias_set=
ac_cv_env_host_alias_value=
ac_cv_env_target_alias_set=
ac_cv_env_target_alias_value=
ac_cv_header_dlfcn_h=yes
ac_cv_header_inttypes_h=yes
ac_cv_header_memory_h=yes
ac_cv_header_stdc=yes
ac_cv_header_stdint_h=yes
ac_cv_header_stdlib_h=yes
ac_cv_header_string_h=yes
ac_cv_header_strings_h=yes
ac_cv_header_sys_stat_h=yes
ac_cv_header_sys_types_h=yes
ac_cv_header_unistd_h=yes
ac_cv_host=x86_64-unknown-linux-gnu
ac_cv_objext=o
ac_cv_path_EGREP='/bin/grep -E'
ac_cv_path_GREP=/bin/grep
ac_cv_prog_CPP='gcc -E'
ac_cv_prog_CXXCPP=/lib/cpp
ac_cv_prog_ac_ct_CC=gcc
ac_cv_prog_cc_c89=
ac_cv_prog_cc_g=yes
ac_cv_prog_cxx_g=no
ac_cv_prog_make_make_set=yes
ac_cv_target=x86_64-unknown-linux-gnu
lt_cv_deplibs_check_method='file_magic ELF [0-9][0-9]*-bit [LM]SB (shared object|dynamic lib )'
lt_cv_file_magic_cmd='$MAGIC_CMD'
lt_cv_file_magic_test_file='/lib/libc.so* /lib/libc-*.so'
lt_cv_ld_reload_flag=-r
lt_cv_path_LD=/usr/bin/ld
lt_cv_path_NM='/usr/bin/nm -B'
lt_cv_path_SED=/bin/sed
lt_cv_prog_gnu_ld=yes

## ----------------- ##
## Output variables. ##
## ----------------- ##

AR=''
BUILD_DOCBOOK_VAR=''
BXIMAGE_LINK_OPTS=''
BX_COMPRESSED_HD_SUPPORT=''
BX_SUPPORT_ACPI=''
BX_USE_IDLE_HACK=''
CC='gcc'
CDROM_OBJS=''
CD_UP_ONE=''
CD_UP_THREE=''
CD_UP_TWO=''
CFLAGS='-g -O2'
CFP=''
COMMAND_SEPARATOR=''
CPP='gcc -E'
CPPFLAGS=''
CPP_SUFFIX=''
CXX='g++'
CXXCPP='/lib/cpp'
CXXFLAGS=''
CXXFP=''
DASH=''
DEBUGGER_VAR=''
DEFINE_PLUGIN_PATH=''
DEFS=''
DEPMOD=''
DEVICE_LINK_OPTS=''
DIALOG_OBJS=''
DISASM_VAR=''
DOCBOOK2HTML=''
ECHO='echo'
ECHO_C=''
ECHO_N='-n'
ECHO_T=''
EGREP='/bin/grep -E'
ENH_DBG_OBJS=''
EXE=''
EXEEXT=''
EXPORT_DYNAMIC=''
EXTERNAL_DEPENDENCY=''
EXTRA_BX_OBJS=''
EXTRA_LINK_OPTS=''
F77=''
FFLAGS=''
FPU_VAR=''
GAME_OBJS=''
GDBSTUB_VAR=''
GREP='/bin/grep'
GUI_CFLAGS=''
GUI_CXXFLAGS=''
GUI_LINK_OPTS=''
GUI_LINK_OPTS_TERM=''
GUI_LINK_OPTS_WX=''
GUI_NON_PLUGIN_OBJS=''
GUI_OBJS=''
GUI_PLUGIN_OBJS=''
GZIP=''
INLINE_VAR=''
INSMOD=''
INSTALL_DOCBOOK_VAR=''
INSTALL_LIST_FOR_PLATFORM=''
INSTALL_PLUGINS_VAR=''
INSTALL_TARGET=''
INSTRUMENT_DIR=''
INSTRUMENT_VAR=''
IODEBUG_OBJS=''
IODEV_LIB_VAR=''
IODEV_NON_PLUGIN_OBJS=''
IODEV_PLUGIN_OBJS=''
KERNELDIR=''
KERNEL_MODULE_SUFFIX=''
LDFLAGS=''
LIBADD_DL=''
LIBOBJS=''
LIBS=''
LIBTOOL=''
LINK=''
LINK_CONSOLE=''
LN_S='ln -s'
LSMOD=''
LTLIBOBJS=''
MAKELIB=''
NE2K_OBJS=''
NETLOW_OBJS=''
NONINLINE_VAR=''
NONPLUGIN_GUI_LINK_OPTS=''
OBJEXT='o'
OBJS64=''
OFP=''
PACKAGE_BUGREPORT=''
PACKAGE_NAME=''
PACKAGE_STRING=''
PACKAGE_TARNAME=''
PACKAGE_VERSION=''
PATH_SEPARATOR=':'
PCIDEV_MODULE_MAKE_ALL=''
PCI_OBJ=''
PLUGIN_LIBNAME_TRANSFORMATION=''
PLUGIN_TARGET=''
PLUGIN_VAR=''
PRIMARY_TARGET=''
PTHREAD_CC=''
PTHREAD_CFLAGS=''
PTHREAD_LIBS=''
RANLIB=''
RC_CMD=''
READLINE_LIB=''
REL_STRING='Build from CVS snapshot, on April 25, 2010'
RFB_LIBS=''
RMCOMMAND=''
RMMOD=''
SB16_OBJS=''
SCSI_OBJS=''
SET_MAKE=''
SHELL='/bin/bash'
SLASH=''
SOUNDLOW_OBJS=''
SOUND_LINK_OPTS=''
STRIP=''
SUFFIX_LINE=''
TAR=''
TOOLKIT_CXXFLAGS=''
USBDEV_OBJS=''
VERSION='2.4.5'
VER_STRING='2.4.5'
WGET=''
WIN_VER_STRING='2, 4, 5, 0'
WX_CFLAGS=''
WX_CONFIG=''
WX_CXXFLAGS=''
XMKMF=''
XPM_LIB=''
X_CFLAGS=''
X_EXTRA_LIBS=''
X_LIBS=''
X_PRE_LIBS=''
ac_ct_CC='gcc'
ac_ct_CXX=''
ac_ct_F77=''
bindir='${exec_prefix}/bin'
build='x86_64-unknown-linux-gnu'
build_alias=''
build_cpu='x86_64'
build_os='linux-gnu'
build_vendor='unknown'
datadir='${datarootdir}'
datarootdir='${prefix}/share'
docdir='${datarootdir}/doc/${PACKAGE}'
dvidir='${docdir}'
exec_prefix='NONE'
host='x86_64-unknown-linux-gnu'
host_alias=''
host_cpu='x86_64'
host_os='linux-gnu'
host_vendor='unknown'
htmldir='${docdir}'
includedir='${prefix}/include'
infodir='${datarootdir}/info'
libdir='${exec_prefix}/lib'
libexecdir='${exec_prefix}/libexec'
localedir='${datarootdir}/locale'
localstatedir='${prefix}/var'
mandir='${datarootdir}/man'
oldincludedir='/usr/include'
pdfdir='${docdir}'
prefix='NONE'
program_transform_name='s,x,x,'
psdir='${docdir}'
sbindir='${exec_prefix}/sbin'
sharedstatedir='${prefix}/com'
sysconfdir='${prefix}/etc'
target='x86_64-unknown-linux-gnu'
target_alias=''
target_cpu='x86_64'
target_os='linux-gnu'
target_vendor='unknown'

## ----------- ##
## confdefs.h. ##
## ----------- ##

#define PACKAGE_NAME ""
#define PACKAGE_TARNAME ""
#define PACKAGE_VERSION ""
#define PACKAGE_STRING ""
#define PACKAGE_BUGREPORT ""
#define STDC_HEADERS 1
#define HAVE_SYS_TYPES_H 1
#define HAVE_SYS_STAT_H 1
#define HAVE_STDLIB_H 1
#define HAVE_STRING_H 1
#define HAVE_MEMORY_H 1
#define HAVE_STRINGS_H 1
#define HAVE_INTTYPES_H 1
#define HAVE_STDINT_H 1
#define HAVE_UNISTD_H 1
#define HAVE_DLFCN_H 1

configure: exit 1
